0 info it worked if it ends with ok
1 verbose cli [ '/usr/local/bin/node',
1 verbose cli   '/usr/local/bin/npm',
1 verbose cli   'run',
1 verbose cli   'reduxWebpack' ]
2 info using npm@3.10.10
3 info using node@v6.11.0
4 verbose run-script [ 'prereduxWebpack', 'reduxWebpack', 'postreduxWebpack' ]
5 info lifecycle nodejspractice@1.0.0~prereduxWebpack: nodejspractice@1.0.0
6 silly lifecycle nodejspractice@1.0.0~prereduxWebpack: no script for prereduxWebpack, continuing
7 info lifecycle nodejspractice@1.0.0~reduxWebpack: nodejspractice@1.0.0
8 verbose lifecycle nodejspractice@1.0.0~reduxWebpack: unsafe-perm in lifecycle true
9 verbose lifecycle nodejspractice@1.0.0~reduxWebpack: PATH: /usr/local/lib/node_modules/npm/bin/node-gyp-bin:/Users/moat522/Programming/NodeJSPractice/node_modules/.bin:/usr/local/bin:/usr/bin:/bin:/usr/sbin:/sbin
10 verbose lifecycle nodejspractice@1.0.0~reduxWebpack: CWD: /Users/moat522/Programming/NodeJSPractice
11 silly lifecycle nodejspractice@1.0.0~reduxWebpack: Args: [ '-c', 'webpack-dev-server --progress --colors' ]
12 silly lifecycle nodejspractice@1.0.0~reduxWebpack: Returned: code: 255  signal: null
13 info lifecycle nodejspractice@1.0.0~reduxWebpack: Failed to exec reduxWebpack script
14 verbose stack Error: nodejspractice@1.0.0 reduxWebpack: `webpack-dev-server --progress --colors`
14 verbose stack Exit status 255
14 verbose stack     at EventEmitter.<anonymous> (/usr/local/lib/node_modules/npm/lib/utils/lifecycle.js:255:16)
14 verbose stack     at emitTwo (events.js:106:13)
14 verbose stack     at EventEmitter.emit (events.js:191:7)
14 verbose stack     at ChildProcess.<anonymous> (/usr/local/lib/node_modules/npm/lib/utils/spawn.js:40:14)
14 verbose stack     at emitTwo (events.js:106:13)
14 verbose stack     at ChildProcess.emit (events.js:191:7)
14 verbose stack     at maybeClose (internal/child_process.js:891:16)
14 verbose stack     at Process.ChildProcess._handle.onexit (internal/child_process.js:226:5)
15 verbose pkgid nodejspractice@1.0.0
16 verbose cwd /Users/moat522/Programming/NodeJSPractice/Redux
17 error Darwin 16.4.0
18 error argv "/usr/local/bin/node" "/usr/local/bin/npm" "run" "reduxWebpack"
19 error node v6.11.0
20 error npm  v3.10.10
21 error code ELIFECYCLE
22 error nodejspractice@1.0.0 reduxWebpack: `webpack-dev-server --progress --colors`
22 error Exit status 255
23 error Failed at the nodejspractice@1.0.0 reduxWebpack script 'webpack-dev-server --progress --colors'.
23 error Make sure you have the latest version of node.js and npm installed.
23 error If you do, this is most likely a problem with the nodejspractice package,
23 error not with npm itself.
23 error Tell the author that this fails on your system:
23 error     webpack-dev-server --progress --colors
23 error You can get information on how to open an issue for this project with:
23 error     npm bugs nodejspractice
23 error Or if that isn't available, you can get their info via:
23 error     npm owner ls nodejspractice
23 error There is likely additional logging output above.
24 verbose exit [ 1, true ]
